<?xml version="1.0" encoding="UTF-8"?>
<coverage generated="1568021753777" clover="3.2.0">
  <project timestamp="1568021753777" name="All files">
    <metrics statements="3" coveredstatements="3" conditionals="0" coveredconditionals="0" methods="2" coveredmethods="2" elements="5" coveredelements="5" complexity="0" loc="3" ncloc="3" packages="1" files="1" classes="1"/>
    <file name="circular-arrangement.class.js" path="/home/Etudiants/brin0007/m3106c/circular-arrangement/src/circular-arrangement.class.js">
      <metrics statements="3" coveredstatements="3" conditionals="0" coveredconditionals="0" methods="2" coveredmethods="2"/>
      <line num="3" count="4" type="stmt"/>
      <line num="7" count="4" type="stmt"/>
      <line num="12" count="4" type="stmt"/>
    </file>
  </project>
</coverage>
