{"/home/Etudiants/brin0007/m3106c/circular-arrangement/src/circular-arrangement.class.js": {"path":"/home/Etudiants/brin0007/m3106c/circular-arrangement/src/circular-arrangement.class.js","statementMap":{"0":{"start":{"line":3,"column":20},"end":{"line":3,"column":21}},"1":{"start":{"line":7,"column":8},"end":{"line":7,"column":42}},"2":{"start":{"line":12,"column":8},"end":{"line":12,"column":34}}},"fnMap":{"0":{"name":"(anonymous_0)","decl":{"start":{"line":6,"column":4},"end":{"line":6,"column":5}},"loc":{"start":{"line":6,"column":30},"end":{"line":8,"column":5}},"line":6},"1":{"name":"(anonymous_1)","decl":{"start":{"line":11,"column":4},"end":{"line":11,"column":5}},"loc":{"start":{"line":11,"column":23},"end":{"line":13,"column":5}},"line":11}},"branchMap":{},"s":{"0":4,"1":4,"2":4},"f":{"0":4,"1":4},"b":{},"_coverageSchema":"43e27e138ebf9cfc5966b082cf9a028302ed4184","hash":"c20c197493d7089ba8d01193261777ffbc842162"}
}
